<!DOCTYPE html PUBLIC "-//W3C//DTD XHTML 1.1//EN" "https://www.w3.org/TR/xhtml11/DTD/xhtml11.dtd">
<html xmlns="https://www.w3.org/1999/xhtml">
<head>
<meta http-equiv="content-type" content="text/html; charset=UTF-8"/>
<title>TestNG Report</title>
<style type="text/css">table {margin-bottom:10px;border-collapse:collapse;empty-cells:show}th,td {border:1px solid #009;padding:.25em .5em}th {vertical-align:bottom}td {vertical-align:top}table a {font-weight:bold}.stripe td {background-color: #E6EBF9}.num {text-align:right}.passedodd td {background-color: #3F3}.passedeven td {background-color: #0A0}.skippedodd td {background-color: #DDD}.skippedeven td {background-color: #CCC}.failedodd td,.attn {background-color: #F33}.failedeven td,.stripe .attn {background-color: #D00}.stacktrace {white-space:pre;font-family:monospace}.totop {font-size:85%;text-align:center;border-bottom:2px solid #000}.invisible {display:none}</style>
</head>
<body>
<table>
<tr><th>Test</th><th># Passed</th><th># Skipped</th><th># Retried</th><th># Failed</th><th>Time (ms)</th><th>Included Groups</th><th>Excluded Groups</th></tr>
<tr><th colspan="8">Practice Suite</th></tr>
<tr><td><a href="#t0">TL-005</a></td><td class="num">1</td><td class="num">0</td><td class="num">0</td><td class="num">0</td><td class="num">14,417</td><td></td><td></td></tr>
<tr class="stripe"><td><a href="#t1">TL-006</a></td><td class="num">28</td><td class="num">0</td><td class="num">0</td><td class="num attn">3</td><td class="num">210,778</td><td></td><td></td></tr>
<tr><th>Total</th><th class="num">29</th><th class="num">0</th><th class="num">0</th><th class="num attn">3</th><th class="num">225,195</th><th colspan="2"></th></tr>
</table>
<table id='summary'><thead><tr><th>Class</th><th>Method</th><th>Start</th><th>Time (ms)</th></tr></thead><tbody><tr><th colspan="4">Practice Suite</th></tr></tbody><tbody id="t0"><tr><th colspan="4">TL-005 &#8212; passed</th></tr><tr class="passedeven"><td rowspan="1">testCase.TestLogin</td><td><a href="#m0">verifyLogin</a></td><td rowspan="1">1697049298155</td><td rowspan="1">4429</td></tr></tbody>
<tbody id="t1"><tr><th colspan="4">TL-006 &#8212; failed</th></tr><tr class="failedeven"><td rowspan="3">testCase.TestUserManagement</td><td><a href="#m1">testSearch</a></td><td rowspan="1">1697049472920</td><td rowspan="1">3405</td></tr><tr class="failedeven"><td><a href="#m2">testSearchByRole</a></td><td rowspan="1">1697049450867</td><td rowspan="1">3158</td></tr><tr class="failedeven"><td><a href="#m3">testSearchByStatus</a></td><td rowspan="1">1697049461488</td><td rowspan="1">3385</td></tr><tr><th colspan="4">TL-006 &#8212; passed</th></tr><tr class="passedeven"><td rowspan="28">testCase.TestUserManagement</td><td><a href="#m4">deleteUser</a></td><td rowspan="2">1697049488781</td><td rowspan="2">9325</td></tr><tr class="passedeven"><td><a href="#m5">deleteUser</a></td></tr><tr class="passedeven"><td><a href="#m6">deleteUserCancel</a></td><td rowspan="2">1697049498107</td><td rowspan="2">3729</td></tr><tr class="passedeven"><td><a href="#m7">deleteUserCancel</a></td></tr><tr class="passedeven"><td><a href="#m8">deleteUserCancelModal</a></td><td rowspan="2">1697049509479</td><td rowspan="2">3900</td></tr><tr class="passedeven"><td><a href="#m9">deleteUserCancelModal</a></td></tr><tr class="passedeven"><td><a href="#m10">resetSearch</a></td><td rowspan="1">1697049446975</td><td rowspan="1">3892</td></tr><tr class="passedeven"><td><a href="#m11">testAddUser</a></td><td rowspan="11">1697049387431</td><td rowspan="11">11784</td></tr><tr class="passedeven"><td><a href="#m12">testAddUser</a></td></tr><tr class="passedeven"><td><a href="#m13">testAddUser</a></td></tr><tr class="passedeven"><td><a href="#m14">testAddUser</a></td></tr><tr class="passedeven"><td><a href="#m15">testAddUser</a></td></tr><tr class="passedeven"><td><a href="#m16">testAddUser</a></td></tr><tr class="passedeven"><td><a href="#m17">testAddUser</a></td></tr><tr class="passedeven"><td><a href="#m18">testAddUser</a></td></tr><tr class="passedeven"><td><a href="#m19">testAddUser</a></td></tr><tr class="passedeven"><td><a href="#m20">testAddUser</a></td></tr><tr class="passedeven"><td><a href="#m21">testAddUser</a></td></tr><tr class="passedeven"><td><a href="#m22">testAddUserCancel</a></td><td rowspan="1">1697049303631</td><td rowspan="1">6080</td></tr><tr class="passedeven"><td><a href="#m23">testSearch</a></td><td rowspan="2">1697049476326</td><td rowspan="2">4168</td></tr><tr class="passedeven"><td><a href="#m24">testSearch</a></td></tr><tr class="passedeven"><td><a href="#m25">testSearchByRole</a></td><td rowspan="2">1697049454039</td><td rowspan="2">3392</td></tr><tr class="passedeven"><td><a href="#m26">testSearchByRole</a></td></tr><tr class="passedeven"><td><a href="#m27">testSearchByStatus</a></td><td rowspan="2">1697049464888</td><td rowspan="2">3963</td></tr><tr class="passedeven"><td><a href="#m28">testSearchByStatus</a></td></tr><tr class="passedeven"><td><a href="#m29">testSearchUser</a></td><td rowspan="3">1697049435121</td><td rowspan="3">4027</td></tr><tr class="passedeven"><td><a href="#m30">testSearchUser</a></td></tr><tr class="passedeven"><td><a href="#m31">testSearchUser</a></td></tr></tbody>
</table>
<h2>TL-005</h2><h3 id="m0">testCase.TestLogin#verifyLogin</h3><table class="result"><tr class="param"><th>Parameter #1</th><th>Parameter #2</th></tr><tr class="param stripe"><td>admin</td><td>admin123</td></tr></table><p class="totop"><a href="#summary">back to summary</a></p>
<h2>TL-006</h2><h3 id="m1">testCase.TestUserManagement#testSearch</h3><table class="result"><tr class="param"><th>Parameter #1</th><th>Parameter #2</th><th>Parameter #3</th></tr><tr class="param stripe"><td></td><td></td><td></td></tr><tr><th colspan="3">Exception</th></tr><tr><td colspan="3"><div class="stacktrace">org.openqa.selenium.NoSuchElementException: no such element: Unable to locate element: {&quot;method&quot;:&quot;xpath&quot;,&quot;selector&quot;:&quot;//*[@role=&apos;option&apos;]//*[contains(text(),&apos;select&apos;)]&quot;}
  (Session info: chrome=117.0.5938.150)
For documentation on this error, please visit: https://www.selenium.dev/documentation/webdriver/troubleshooting/errors#no-such-element-exception
Build info: version: &apos;4.13.0&apos;, revision: &apos;ba948ece5b*&apos;
System info: os.name: &apos;Windows 11&apos;, os.arch: &apos;amd64&apos;, os.version: &apos;10.0&apos;, java.version: &apos;17.0.8&apos;
Driver info: org.openqa.selenium.chrome.ChromeDriver
Command: [22b7a0f5fde76af20f1e39f22da6041f, findChildElement {id=25AB853DB5F448ED64159D03D7B0CE93_element_1507, using=xpath, value=//*[@role=&apos;option&apos;]//*[contains(text(),&apos;select&apos;)]}]
Capabilities {acceptInsecureCerts: false, browserName: chrome, browserVersion: 117.0.5938.150, chrome: {chromedriverVersion: 117.0.5938.149 (e3344ddefa1..., userDataDir: C:\Users\REJAN~1.BAJ\AppDat...}, fedcm:accounts: true, goog:chromeOptions: {debuggerAddress: localhost:53665}, networkConnectionEnabled: false, pageLoadStrategy: normal, platformName: windows, proxy: Proxy(), se:cdp: ws://localhost:53665/devtoo..., se:cdpVersion: 117.0.5938.150, setWindowRect: true, strictFileInteractability: false, timeouts: {implicit: 0, pageLoad: 300000, script: 30000}, unhandledPromptBehavior: dismiss and notify, webauthn:extension:credBlob: true, webauthn:extension:largeBlob: true, webauthn:extension:minPinLength: true, webauthn:extension:prf: true, webauthn:virtualAuthenticators: true}
Session ID: 22b7a0f5fde76af20f1e39f22da6041f
	at org.openqa.selenium.remote.codec.w3c.W3CHttpResponseCodec.createException(W3CHttpResponseCodec.java:200)
	at org.openqa.selenium.remote.codec.w3c.W3CHttpResponseCodec.decode(W3CHttpResponseCodec.java:133)
	at org.openqa.selenium.remote.codec.w3c.W3CHttpResponseCodec.decode(W3CHttpResponseCodec.java:52)
	at org.openqa.selenium.remote.HttpCommandExecutor.execute(HttpCommandExecutor.java:191)
	at org.openqa.selenium.remote.service.DriverCommandExecutor.invokeExecute(DriverCommandExecutor.java:196)
	at org.openqa.selenium.remote.service.DriverCommandExecutor.execute(DriverCommandExecutor.java:171)
	at org.openqa.selenium.remote.RemoteWebDriver.execute(RemoteWebDriver.java:602)
	at org.openqa.selenium.remote.ElementLocation$ElementFinder$2.findElement(ElementLocation.java:165)
	at org.openqa.selenium.remote.ElementLocation.findElement(ElementLocation.java:59)
	at org.openqa.selenium.remote.RemoteWebDriver.findElement(RemoteWebDriver.java:359)
	at org.openqa.selenium.remote.RemoteWebElement.findElement(RemoteWebElement.java:212)
	at pageModal.UserManagement.selectDropdown(UserManagement.java:207)
	at pageModal.UserManagement.search(UserManagement.java:107)
	at testCase.TestUserManagement.testSearch(TestUserManagement.java:108)
	at java.base/java.util.ArrayList.forEach(ArrayList.java:1511)
	at com.intellij.rt.testng.IDEARemoteTestNG.run(IDEARemoteTestNG.java:66)
	at com.intellij.rt.testng.RemoteTestNGStarter.main(RemoteTestNGStarter.java:109)
... Removed 28 stack frames</div></td></tr></table><p class="totop"><a href="#summary">back to summary</a></p>
<h3 id="m2">testCase.TestUserManagement#testSearchByRole</h3><table class="result"><tr class="param"><th>Parameter #1</th></tr><tr class="param stripe"><td></td></tr><tr><th>Exception</th></tr><tr><td><div class="stacktrace">org.openqa.selenium.NoSuchElementException: no such element: Unable to locate element: {&quot;method&quot;:&quot;xpath&quot;,&quot;selector&quot;:&quot;//*[@role=&apos;option&apos;]//*[contains(text(),&apos;select&apos;)]&quot;}
  (Session info: chrome=117.0.5938.150)
For documentation on this error, please visit: https://www.selenium.dev/documentation/webdriver/troubleshooting/errors#no-such-element-exception
Build info: version: &apos;4.13.0&apos;, revision: &apos;ba948ece5b*&apos;
System info: os.name: &apos;Windows 11&apos;, os.arch: &apos;amd64&apos;, os.version: &apos;10.0&apos;, java.version: &apos;17.0.8&apos;
Driver info: org.openqa.selenium.chrome.ChromeDriver
Command: [22b7a0f5fde76af20f1e39f22da6041f, findChildElement {id=18792C02BA198B2B3A0F4EBC954B0EDC_element_1219, using=xpath, value=//*[@role=&apos;option&apos;]//*[contains(text(),&apos;select&apos;)]}]
Capabilities {acceptInsecureCerts: false, browserName: chrome, browserVersion: 117.0.5938.150, chrome: {chromedriverVersion: 117.0.5938.149 (e3344ddefa1..., userDataDir: C:\Users\REJAN~1.BAJ\AppDat...}, fedcm:accounts: true, goog:chromeOptions: {debuggerAddress: localhost:53665}, networkConnectionEnabled: false, pageLoadStrategy: normal, platformName: windows, proxy: Proxy(), se:cdp: ws://localhost:53665/devtoo..., se:cdpVersion: 117.0.5938.150, setWindowRect: true, strictFileInteractability: false, timeouts: {implicit: 0, pageLoad: 300000, script: 30000}, unhandledPromptBehavior: dismiss and notify, webauthn:extension:credBlob: true, webauthn:extension:largeBlob: true, webauthn:extension:minPinLength: true, webauthn:extension:prf: true, webauthn:virtualAuthenticators: true}
Session ID: 22b7a0f5fde76af20f1e39f22da6041f
	at org.openqa.selenium.remote.codec.w3c.W3CHttpResponseCodec.createException(W3CHttpResponseCodec.java:200)
	at org.openqa.selenium.remote.codec.w3c.W3CHttpResponseCodec.decode(W3CHttpResponseCodec.java:133)
	at org.openqa.selenium.remote.codec.w3c.W3CHttpResponseCodec.decode(W3CHttpResponseCodec.java:52)
	at org.openqa.selenium.remote.HttpCommandExecutor.execute(HttpCommandExecutor.java:191)
	at org.openqa.selenium.remote.service.DriverCommandExecutor.invokeExecute(DriverCommandExecutor.java:196)
	at org.openqa.selenium.remote.service.DriverCommandExecutor.execute(DriverCommandExecutor.java:171)
	at org.openqa.selenium.remote.RemoteWebDriver.execute(RemoteWebDriver.java:602)
	at org.openqa.selenium.remote.ElementLocation$ElementFinder$2.findElement(ElementLocation.java:165)
	at org.openqa.selenium.remote.ElementLocation.findElement(ElementLocation.java:59)
	at org.openqa.selenium.remote.RemoteWebDriver.findElement(RemoteWebDriver.java:359)
	at org.openqa.selenium.remote.RemoteWebElement.findElement(RemoteWebElement.java:212)
	at pageModal.UserManagement.selectDropdown(UserManagement.java:207)
	at pageModal.UserManagement.searchByRole(UserManagement.java:91)
	at testCase.TestUserManagement.testSearchByRole(TestUserManagement.java:75)
	at java.base/java.util.ArrayList.forEach(ArrayList.java:1511)
	at com.intellij.rt.testng.IDEARemoteTestNG.run(IDEARemoteTestNG.java:66)
	at com.intellij.rt.testng.RemoteTestNGStarter.main(RemoteTestNGStarter.java:109)
... Removed 28 stack frames</div></td></tr></table><p class="totop"><a href="#summary">back to summary</a></p>
<h3 id="m3">testCase.TestUserManagement#testSearchByStatus</h3><table class="result"><tr class="param"><th>Parameter #1</th></tr><tr class="param stripe"><td></td></tr><tr><th>Exception</th></tr><tr><td><div class="stacktrace">org.openqa.selenium.NoSuchElementException: no such element: Unable to locate element: {&quot;method&quot;:&quot;xpath&quot;,&quot;selector&quot;:&quot;//*[@role=&apos;option&apos;]//*[contains(text(),&apos;select&apos;)]&quot;}
  (Session info: chrome=117.0.5938.150)
For documentation on this error, please visit: https://www.selenium.dev/documentation/webdriver/troubleshooting/errors#no-such-element-exception
Build info: version: &apos;4.13.0&apos;, revision: &apos;ba948ece5b*&apos;
System info: os.name: &apos;Windows 11&apos;, os.arch: &apos;amd64&apos;, os.version: &apos;10.0&apos;, java.version: &apos;17.0.8&apos;
Driver info: org.openqa.selenium.chrome.ChromeDriver
Command: [22b7a0f5fde76af20f1e39f22da6041f, findChildElement {id=FB1D3EA016B37F930CF0D4170330B7F8_element_1366, using=xpath, value=//*[@role=&apos;option&apos;]//*[contains(text(),&apos;select&apos;)]}]
Capabilities {acceptInsecureCerts: false, browserName: chrome, browserVersion: 117.0.5938.150, chrome: {chromedriverVersion: 117.0.5938.149 (e3344ddefa1..., userDataDir: C:\Users\REJAN~1.BAJ\AppDat...}, fedcm:accounts: true, goog:chromeOptions: {debuggerAddress: localhost:53665}, networkConnectionEnabled: false, pageLoadStrategy: normal, platformName: windows, proxy: Proxy(), se:cdp: ws://localhost:53665/devtoo..., se:cdpVersion: 117.0.5938.150, setWindowRect: true, strictFileInteractability: false, timeouts: {implicit: 0, pageLoad: 300000, script: 30000}, unhandledPromptBehavior: dismiss and notify, webauthn:extension:credBlob: true, webauthn:extension:largeBlob: true, webauthn:extension:minPinLength: true, webauthn:extension:prf: true, webauthn:virtualAuthenticators: true}
Session ID: 22b7a0f5fde76af20f1e39f22da6041f
	at org.openqa.selenium.remote.codec.w3c.W3CHttpResponseCodec.createException(W3CHttpResponseCodec.java:200)
	at org.openqa.selenium.remote.codec.w3c.W3CHttpResponseCodec.decode(W3CHttpResponseCodec.java:133)
	at org.openqa.selenium.remote.codec.w3c.W3CHttpResponseCodec.decode(W3CHttpResponseCodec.java:52)
	at org.openqa.selenium.remote.HttpCommandExecutor.execute(HttpCommandExecutor.java:191)
	at org.openqa.selenium.remote.service.DriverCommandExecutor.invokeExecute(DriverCommandExecutor.java:196)
	at org.openqa.selenium.remote.service.DriverCommandExecutor.execute(DriverCommandExecutor.java:171)
	at org.openqa.selenium.remote.RemoteWebDriver.execute(RemoteWebDriver.java:602)
	at org.openqa.selenium.remote.ElementLocation$ElementFinder$2.findElement(ElementLocation.java:165)
	at org.openqa.selenium.remote.ElementLocation.findElement(ElementLocation.java:59)
	at org.openqa.selenium.remote.RemoteWebDriver.findElement(RemoteWebDriver.java:359)
	at org.openqa.selenium.remote.RemoteWebElement.findElement(RemoteWebElement.java:212)
	at pageModal.UserManagement.selectDropdown(UserManagement.java:207)
	at pageModal.UserManagement.searchByStatus(UserManagement.java:97)
	at testCase.TestUserManagement.testSearchByStatus(TestUserManagement.java:92)
	at java.base/java.util.ArrayList.forEach(ArrayList.java:1511)
	at com.intellij.rt.testng.IDEARemoteTestNG.run(IDEARemoteTestNG.java:66)
	at com.intellij.rt.testng.RemoteTestNGStarter.main(RemoteTestNGStarter.java:109)
... Removed 28 stack frames</div></td></tr></table><p class="totop"><a href="#summary">back to summary</a></p>
<h3 id="m4">testCase.TestUserManagement#deleteUser</h3><table class="result"><tr class="param"><th>Parameter #1</th></tr><tr class="param stripe"><td>newuser3</td></tr></table><p class="totop"><a href="#summary">back to summary</a></p>
<h3 id="m5">testCase.TestUserManagement#deleteUser</h3><table class="result"><tr class="param"><th>Parameter #1</th></tr><tr class="param stripe"><td>invaliduser</td></tr></table><p class="totop"><a href="#summary">back to summary</a></p>
<h3 id="m6">testCase.TestUserManagement#deleteUserCancel</h3><table class="result"><tr class="param"><th>Parameter #1</th></tr><tr class="param stripe"><td>invaliduser</td></tr></table><p class="totop"><a href="#summary">back to summary</a></p>
<h3 id="m7">testCase.TestUserManagement#deleteUserCancel</h3><table class="result"><tr class="param"><th>Parameter #1</th></tr><tr class="param stripe"><td>newuser3</td></tr></table><p class="totop"><a href="#summary">back to summary</a></p>
<h3 id="m8">testCase.TestUserManagement#deleteUserCancelModal</h3><table class="result"><tr class="param"><th>Parameter #1</th></tr><tr class="param stripe"><td>newuser3</td></tr></table><p class="totop"><a href="#summary">back to summary</a></p>
<h3 id="m9">testCase.TestUserManagement#deleteUserCancelModal</h3><table class="result"><tr class="param"><th>Parameter #1</th></tr><tr class="param stripe"><td>invaliduser</td></tr></table><p class="totop"><a href="#summary">back to summary</a></p>
<h3 id="m10">testCase.TestUserManagement#resetSearch</h3><table class="result"><tr><th class="invisible"/></tr></table><p class="totop"><a href="#summary">back to summary</a></p>
<h3 id="m11">testCase.TestUserManagement#testAddUser</h3><table class="result"><tr class="param"><th>Parameter #1</th><th>Parameter #2</th><th>Parameter #3</th><th>Parameter #4</th><th>Parameter #5</th><th>Parameter #6</th></tr><tr class="param stripe"><td>Admin</td><td>Odis  Adalwin</td><td>Enabled</td><td>newuser2</td><td>Test@1234</td><td></td></tr></table><p class="totop"><a href="#summary">back to summary</a></p>
<h3 id="m12">testCase.TestUserManagement#testAddUser</h3><table class="result"><tr class="param"><th>Parameter #1</th><th>Parameter #2</th><th>Parameter #3</th><th>Parameter #4</th><th>Parameter #5</th><th>Parameter #6</th></tr><tr class="param stripe"><td>ESS</td><td>Odis  Adalwin</td><td>Enabled</td><td>newuser3</td><td>Test@1234</td><td>Test@1234</td></tr></table><p class="totop"><a href="#summary">back to summary</a></p>
<h3 id="m13">testCase.TestUserManagement#testAddUser</h3><table class="result"><tr class="param"><th>Parameter #1</th><th>Parameter #2</th><th>Parameter #3</th><th>Parameter #4</th><th>Parameter #5</th><th>Parameter #6</th></tr><tr class="param stripe"><td>Admin</td><td>Odis  Adalwin</td><td></td><td></td><td></td><td></td></tr></table><p class="totop"><a href="#summary">back to summary</a></p>
<h3 id="m14">testCase.TestUserManagement#testAddUser</h3><table class="result"><tr class="param"><th>Parameter #1</th><th>Parameter #2</th><th>Parameter #3</th><th>Parameter #4</th><th>Parameter #5</th><th>Parameter #6</th></tr><tr class="param stripe"><td>Admin</td><td>Odis  Adalwin</td><td>Enabled</td><td>newuser2</td><td>Testagain</td><td></td></tr></table><p class="totop"><a href="#summary">back to summary</a></p>
<h3 id="m15">testCase.TestUserManagement#testAddUser</h3><table class="result"><tr class="param"><th>Parameter #1</th><th>Parameter #2</th><th>Parameter #3</th><th>Parameter #4</th><th>Parameter #5</th><th>Parameter #6</th></tr><tr class="param stripe"><td>Admin</td><td>Odis  Adalwin</td><td>Enabled</td><td>newuser2</td><td>Test@1234</td><td>Test@123</td></tr></table><p class="totop"><a href="#summary">back to summary</a></p>
<h3 id="m16">testCase.TestUserManagement#testAddUser</h3><table class="result"><tr class="param"><th>Parameter #1</th><th>Parameter #2</th><th>Parameter #3</th><th>Parameter #4</th><th>Parameter #5</th><th>Parameter #6</th></tr><tr class="param stripe"><td>ESS</td><td>Odis  Adalwin</td><td>Enabled</td><td>newuser3</td><td>Test@1234</td><td>Test@1234</td></tr></table><p class="totop"><a href="#summary">back to summary</a></p>
<h3 id="m17">testCase.TestUserManagement#testAddUser</h3><table class="result"><tr class="param"><th>Parameter #1</th><th>Parameter #2</th><th>Parameter #3</th><th>Parameter #4</th><th>Parameter #5</th><th>Parameter #6</th></tr><tr class="param stripe"><td>Admin</td><td>Odis  Adalwin</td><td>Enabled</td><td></td><td></td><td></td></tr></table><p class="totop"><a href="#summary">back to summary</a></p>
<h3 id="m18">testCase.TestUserManagement#testAddUser</h3><table class="result"><tr class="param"><th>Parameter #1</th><th>Parameter #2</th><th>Parameter #3</th><th>Parameter #4</th><th>Parameter #5</th><th>Parameter #6</th></tr><tr class="param stripe"><td>Admin</td><td>Odis  Adalwin</td><td>Enabled</td><td>newuser2</td><td>Test</td><td></td></tr></table><p class="totop"><a href="#summary">back to summary</a></p>
<h3 id="m19">testCase.TestUserManagement#testAddUser</h3><table class="result"><tr class="param"><th>Parameter #1</th><th>Parameter #2</th><th>Parameter #3</th><th>Parameter #4</th><th>Parameter #5</th><th>Parameter #6</th></tr><tr class="param stripe"><td>Admin</td><td>Odis  Adalwin</td><td>Enabled</td><td>newuser2</td><td></td><td></td></tr></table><p class="totop"><a href="#summary">back to summary</a></p>
<h3 id="m20">testCase.TestUserManagement#testAddUser</h3><table class="result"><tr class="param"><th>Parameter #1</th><th>Parameter #2</th><th>Parameter #3</th><th>Parameter #4</th><th>Parameter #5</th><th>Parameter #6</th></tr><tr class="param stripe"><td></td><td></td><td></td><td></td><td></td><td></td></tr></table><p class="totop"><a href="#summary">back to summary</a></p>
<h3 id="m21">testCase.TestUserManagement#testAddUser</h3><table class="result"><tr class="param"><th>Parameter #1</th><th>Parameter #2</th><th>Parameter #3</th><th>Parameter #4</th><th>Parameter #5</th><th>Parameter #6</th></tr><tr class="param stripe"><td>Admin</td><td></td><td></td><td></td><td></td><td></td></tr></table><p class="totop"><a href="#summary">back to summary</a></p>
<h3 id="m22">testCase.TestUserManagement#testAddUserCancel</h3><table class="result"><tr><th class="invisible"/></tr></table><p class="totop"><a href="#summary">back to summary</a></p>
<h3 id="m23">testCase.TestUserManagement#testSearch</h3><table class="result"><tr class="param"><th>Parameter #1</th><th>Parameter #2</th><th>Parameter #3</th></tr><tr class="param stripe"><td>admin</td><td>Admin</td><td>Enabled</td></tr></table><p class="totop"><a href="#summary">back to summary</a></p>
<h3 id="m24">testCase.TestUserManagement#testSearch</h3><table class="result"><tr class="param"><th>Parameter #1</th><th>Parameter #2</th><th>Parameter #3</th></tr><tr class="param stripe"><td>user307</td><td>ESS</td><td>Disabled</td></tr></table><p class="totop"><a href="#summary">back to summary</a></p>
<h3 id="m25">testCase.TestUserManagement#testSearchByRole</h3><table class="result"><tr class="param"><th>Parameter #1</th></tr><tr class="param stripe"><td>Admin</td></tr></table><p class="totop"><a href="#summary">back to summary</a></p>
<h3 id="m26">testCase.TestUserManagement#testSearchByRole</h3><table class="result"><tr class="param"><th>Parameter #1</th></tr><tr class="param stripe"><td>ESS</td></tr></table><p class="totop"><a href="#summary">back to summary</a></p>
<h3 id="m27">testCase.TestUserManagement#testSearchByStatus</h3><table class="result"><tr class="param"><th>Parameter #1</th></tr><tr class="param stripe"><td>Enabled</td></tr></table><p class="totop"><a href="#summary">back to summary</a></p>
<h3 id="m28">testCase.TestUserManagement#testSearchByStatus</h3><table class="result"><tr class="param"><th>Parameter #1</th></tr><tr class="param stripe"><td>Disabled</td></tr></table><p class="totop"><a href="#summary">back to summary</a></p>
<h3 id="m29">testCase.TestUserManagement#testSearchUser</h3><table class="result"><tr class="param"><th>Parameter #1</th></tr><tr class="param stripe"><td></td></tr></table><p class="totop"><a href="#summary">back to summary</a></p>
<h3 id="m30">testCase.TestUserManagement#testSearchUser</h3><table class="result"><tr class="param"><th>Parameter #1</th></tr><tr class="param stripe"><td>invaliduser</td></tr></table><p class="totop"><a href="#summary">back to summary</a></p>
<h3 id="m31">testCase.TestUserManagement#testSearchUser</h3><table class="result"><tr class="param"><th>Parameter #1</th></tr><tr class="param stripe"><td>newuser2</td></tr></table><p class="totop"><a href="#summary">back to summary</a></p>
</body>
</html>
