<?xml version="1.0" encoding="UTF-8"?>
<!-- Generated by org.testng.reporters.JUnitXMLReporter -->
<testsuite ignored="0" hostname="DESKTOP-1UE22RV" failures="3" tests="31" name="TL-006" time="210.778" errors="0" timestamp="2023-10-12T00:23:33 NPT">
  <testcase classname="testCase.TestUserManagement" name="testAddUserCancel" time="6.08"/>
  <testcase classname="testCase.TestUserManagement" name="testAddUser" time="9.88"/>
  <testcase classname="testCase.TestUserManagement" name="testAddUser" time="10.092"/>
  <testcase classname="testCase.TestUserManagement" name="testAddUser" time="11.27"/>
  <testcase classname="testCase.TestUserManagement" name="testAddUser" time="11.477"/>
  <testcase classname="testCase.TestUserManagement" name="testAddUser" time="11.435"/>
  <testcase classname="testCase.TestUserManagement" name="testAddUser" time="11.878"/>
  <testcase classname="testCase.TestUserManagement" name="testAddUser" time="11.682"/>
  <testcase classname="testCase.TestUserManagement" name="testAddUser" time="11.784"/>
  <testcase classname="testCase.TestUserManagement" name="testAddUser" time="12.033"/>
  <testcase classname="testCase.TestUserManagement" name="testAddUser" time="11.702"/>
  <testcase classname="testCase.TestUserManagement" name="testAddUser" time="12.155"/>
  <testcase classname="testCase.TestUserManagement" name="testSearchUser" time="4.027"/>
  <testcase classname="testCase.TestUserManagement" name="testSearchUser" time="3.934"/>
  <testcase classname="testCase.TestUserManagement" name="testSearchUser" time="3.892"/>
  <testcase classname="testCase.TestUserManagement" name="resetSearch" time="3.892"/>
  <testcase classname="testCase.TestUserManagement" name="testSearchByRole" time="3.158">
    <failure type="org.openqa.selenium.NoSuchElementException" message="no such element: Unable to locate element: {&amp;quot;method&amp;quot;:&amp;quot;xpath&amp;quot;,&amp;quot;selector&amp;quot;:&amp;quot;//*[@role=&amp;apos;option&amp;apos;]//*[contains(text(),&amp;apos;select&amp;apos;)]&amp;quot;}
  (Session info: chrome=117.0.5938.150)
For documentation on this error, please visit: https://www.selenium.dev/documentation/webdriver/troubleshooting/errors#no-such-element-exception
Build info: version: &amp;apos;4.13.0&amp;apos;, revision: &amp;apos;ba948ece5b*&amp;apos;
System info: os.name: &amp;apos;Windows 11&amp;apos;, os.arch: &amp;apos;amd64&amp;apos;, os.version: &amp;apos;10.0&amp;apos;, java.version: &amp;apos;17.0.8&amp;apos;
Driver info: org.openqa.selenium.chrome.ChromeDriver
Command: [22b7a0f5fde76af20f1e39f22da6041f, findChildElement {id=18792C02BA198B2B3A0F4EBC954B0EDC_element_1219, using=xpath, value=//*[@role=&amp;apos;option&amp;apos;]//*[contains(text(),&amp;apos;select&amp;apos;)]}]
Capabilities {acceptInsecureCerts: false, browserName: chrome, browserVersion: 117.0.5938.150, chrome: {chromedriverVersion: 117.0.5938.149 (e3344ddefa1..., userDataDir: C:\Users\REJAN~1.BAJ\AppDat...}, fedcm:accounts: true, goog:chromeOptions: {debuggerAddress: localhost:53665}, networkConnectionEnabled: false, pageLoadStrategy: normal, platformName: windows, proxy: Proxy(), se:cdp: ws://localhost:53665/devtoo..., se:cdpVersion: 117.0.5938.150, setWindowRect: true, strictFileInteractability: false, timeouts: {implicit: 0, pageLoad: 300000, script: 30000}, unhandledPromptBehavior: dismiss and notify, webauthn:extension:credBlob: true, webauthn:extension:largeBlob: true, webauthn:extension:minPinLength: true, webauthn:extension:prf: true, webauthn:virtualAuthenticators: true}
Session ID: 22b7a0f5fde76af20f1e39f22da6041f">
      <![CDATA[org.openqa.selenium.NoSuchElementException: no such element: Unable to locate element: {"method":"xpath","selector":"//*[@role='option']//*[contains(text(),'select')]"}
  (Session info: chrome=117.0.5938.150)
For documentation on this error, please visit: https://www.selenium.dev/documentation/webdriver/troubleshooting/errors#no-such-element-exception
Build info: version: '4.13.0', revision: 'ba948ece5b*'
System info: os.name: 'Windows 11', os.arch: 'amd64', os.version: '10.0', java.version: '17.0.8'
Driver info: org.openqa.selenium.chrome.ChromeDriver
Command: [22b7a0f5fde76af20f1e39f22da6041f, findChildElement {id=18792C02BA198B2B3A0F4EBC954B0EDC_element_1219, using=xpath, value=//*[@role='option']//*[contains(text(),'select')]}]
Capabilities {acceptInsecureCerts: false, browserName: chrome, browserVersion: 117.0.5938.150, chrome: {chromedriverVersion: 117.0.5938.149 (e3344ddefa1..., userDataDir: C:\Users\REJAN~1.BAJ\AppDat...}, fedcm:accounts: true, goog:chromeOptions: {debuggerAddress: localhost:53665}, networkConnectionEnabled: false, pageLoadStrategy: normal, platformName: windows, proxy: Proxy(), se:cdp: ws://localhost:53665/devtoo..., se:cdpVersion: 117.0.5938.150, setWindowRect: true, strictFileInteractability: false, timeouts: {implicit: 0, pageLoad: 300000, script: 30000}, unhandledPromptBehavior: dismiss and notify, webauthn:extension:credBlob: true, webauthn:extension:largeBlob: true, webauthn:extension:minPinLength: true, webauthn:extension:prf: true, webauthn:virtualAuthenticators: true}
Session ID: 22b7a0f5fde76af20f1e39f22da6041f
at org.openqa.selenium.remote.codec.w3c.W3CHttpResponseCodec.createException(W3CHttpResponseCodec.java:200)
at org.openqa.selenium.remote.codec.w3c.W3CHttpResponseCodec.decode(W3CHttpResponseCodec.java:133)
at org.openqa.selenium.remote.codec.w3c.W3CHttpResponseCodec.decode(W3CHttpResponseCodec.java:52)
at org.openqa.selenium.remote.HttpCommandExecutor.execute(HttpCommandExecutor.java:191)
at org.openqa.selenium.remote.service.DriverCommandExecutor.invokeExecute(DriverCommandExecutor.java:196)
at org.openqa.selenium.remote.service.DriverCommandExecutor.execute(DriverCommandExecutor.java:171)
at org.openqa.selenium.remote.RemoteWebDriver.execute(RemoteWebDriver.java:602)
at org.openqa.selenium.remote.ElementLocation$ElementFinder$2.findElement(ElementLocation.java:165)
at org.openqa.selenium.remote.ElementLocation.findElement(ElementLocation.java:59)
at org.openqa.selenium.remote.RemoteWebDriver.findElement(RemoteWebDriver.java:359)
at org.openqa.selenium.remote.RemoteWebElement.findElement(RemoteWebElement.java:212)
at pageModal.UserManagement.selectDropdown(UserManagement.java:207)
at pageModal.UserManagement.searchByRole(UserManagement.java:91)
at testCase.TestUserManagement.testSearchByRole(TestUserManagement.java:75)
at java.base/java.util.ArrayList.forEach(ArrayList.java:1511)
at com.intellij.rt.testng.IDEARemoteTestNG.run(IDEARemoteTestNG.java:66)
at com.intellij.rt.testng.RemoteTestNGStarter.main(RemoteTestNGStarter.java:109)
... Removed 28 stack frames]]>
    </failure>
  </testcase> <!-- testSearchByRole -->
  <testcase classname="testCase.TestUserManagement" name="testSearchByRole" time="3.392"/>
  <testcase classname="testCase.TestUserManagement" name="testSearchByRole" time="4.056"/>
  <testcase classname="testCase.TestUserManagement" name="testSearchByStatus" time="3.385">
    <failure type="org.openqa.selenium.NoSuchElementException" message="no such element: Unable to locate element: {&amp;quot;method&amp;quot;:&amp;quot;xpath&amp;quot;,&amp;quot;selector&amp;quot;:&amp;quot;//*[@role=&amp;apos;option&amp;apos;]//*[contains(text(),&amp;apos;select&amp;apos;)]&amp;quot;}
  (Session info: chrome=117.0.5938.150)
For documentation on this error, please visit: https://www.selenium.dev/documentation/webdriver/troubleshooting/errors#no-such-element-exception
Build info: version: &amp;apos;4.13.0&amp;apos;, revision: &amp;apos;ba948ece5b*&amp;apos;
System info: os.name: &amp;apos;Windows 11&amp;apos;, os.arch: &amp;apos;amd64&amp;apos;, os.version: &amp;apos;10.0&amp;apos;, java.version: &amp;apos;17.0.8&amp;apos;
Driver info: org.openqa.selenium.chrome.ChromeDriver
Command: [22b7a0f5fde76af20f1e39f22da6041f, findChildElement {id=FB1D3EA016B37F930CF0D4170330B7F8_element_1366, using=xpath, value=//*[@role=&amp;apos;option&amp;apos;]//*[contains(text(),&amp;apos;select&amp;apos;)]}]
Capabilities {acceptInsecureCerts: false, browserName: chrome, browserVersion: 117.0.5938.150, chrome: {chromedriverVersion: 117.0.5938.149 (e3344ddefa1..., userDataDir: C:\Users\REJAN~1.BAJ\AppDat...}, fedcm:accounts: true, goog:chromeOptions: {debuggerAddress: localhost:53665}, networkConnectionEnabled: false, pageLoadStrategy: normal, platformName: windows, proxy: Proxy(), se:cdp: ws://localhost:53665/devtoo..., se:cdpVersion: 117.0.5938.150, setWindowRect: true, strictFileInteractability: false, timeouts: {implicit: 0, pageLoad: 300000, script: 30000}, unhandledPromptBehavior: dismiss and notify, webauthn:extension:credBlob: true, webauthn:extension:largeBlob: true, webauthn:extension:minPinLength: true, webauthn:extension:prf: true, webauthn:virtualAuthenticators: true}
Session ID: 22b7a0f5fde76af20f1e39f22da6041f">
      <![CDATA[org.openqa.selenium.NoSuchElementException: no such element: Unable to locate element: {"method":"xpath","selector":"//*[@role='option']//*[contains(text(),'select')]"}
  (Session info: chrome=117.0.5938.150)
For documentation on this error, please visit: https://www.selenium.dev/documentation/webdriver/troubleshooting/errors#no-such-element-exception
Build info: version: '4.13.0', revision: 'ba948ece5b*'
System info: os.name: 'Windows 11', os.arch: 'amd64', os.version: '10.0', java.version: '17.0.8'
Driver info: org.openqa.selenium.chrome.ChromeDriver
Command: [22b7a0f5fde76af20f1e39f22da6041f, findChildElement {id=FB1D3EA016B37F930CF0D4170330B7F8_element_1366, using=xpath, value=//*[@role='option']//*[contains(text(),'select')]}]
Capabilities {acceptInsecureCerts: false, browserName: chrome, browserVersion: 117.0.5938.150, chrome: {chromedriverVersion: 117.0.5938.149 (e3344ddefa1..., userDataDir: C:\Users\REJAN~1.BAJ\AppDat...}, fedcm:accounts: true, goog:chromeOptions: {debuggerAddress: localhost:53665}, networkConnectionEnabled: false, pageLoadStrategy: normal, platformName: windows, proxy: Proxy(), se:cdp: ws://localhost:53665/devtoo..., se:cdpVersion: 117.0.5938.150, setWindowRect: true, strictFileInteractability: false, timeouts: {implicit: 0, pageLoad: 300000, script: 30000}, unhandledPromptBehavior: dismiss and notify, webauthn:extension:credBlob: true, webauthn:extension:largeBlob: true, webauthn:extension:minPinLength: true, webauthn:extension:prf: true, webauthn:virtualAuthenticators: true}
Session ID: 22b7a0f5fde76af20f1e39f22da6041f
at org.openqa.selenium.remote.codec.w3c.W3CHttpResponseCodec.createException(W3CHttpResponseCodec.java:200)
at org.openqa.selenium.remote.codec.w3c.W3CHttpResponseCodec.decode(W3CHttpResponseCodec.java:133)
at org.openqa.selenium.remote.codec.w3c.W3CHttpResponseCodec.decode(W3CHttpResponseCodec.java:52)
at org.openqa.selenium.remote.HttpCommandExecutor.execute(HttpCommandExecutor.java:191)
at org.openqa.selenium.remote.service.DriverCommandExecutor.invokeExecute(DriverCommandExecutor.java:196)
at org.openqa.selenium.remote.service.DriverCommandExecutor.execute(DriverCommandExecutor.java:171)
at org.openqa.selenium.remote.RemoteWebDriver.execute(RemoteWebDriver.java:602)
at org.openqa.selenium.remote.ElementLocation$ElementFinder$2.findElement(ElementLocation.java:165)
at org.openqa.selenium.remote.ElementLocation.findElement(ElementLocation.java:59)
at org.openqa.selenium.remote.RemoteWebDriver.findElement(RemoteWebDriver.java:359)
at org.openqa.selenium.remote.RemoteWebElement.findElement(RemoteWebElement.java:212)
at pageModal.UserManagement.selectDropdown(UserManagement.java:207)
at pageModal.UserManagement.searchByStatus(UserManagement.java:97)
at testCase.TestUserManagement.testSearchByStatus(TestUserManagement.java:92)
at java.base/java.util.ArrayList.forEach(ArrayList.java:1511)
at com.intellij.rt.testng.IDEARemoteTestNG.run(IDEARemoteTestNG.java:66)
at com.intellij.rt.testng.RemoteTestNGStarter.main(RemoteTestNGStarter.java:109)
... Removed 28 stack frames]]>
    </failure>
  </testcase> <!-- testSearchByStatus -->
  <testcase classname="testCase.TestUserManagement" name="testSearchByStatus" time="3.963"/>
  <testcase classname="testCase.TestUserManagement" name="testSearchByStatus" time="4.069"/>
  <testcase classname="testCase.TestUserManagement" name="testSearch" time="3.405">
    <failure type="org.openqa.selenium.NoSuchElementException" message="no such element: Unable to locate element: {&amp;quot;method&amp;quot;:&amp;quot;xpath&amp;quot;,&amp;quot;selector&amp;quot;:&amp;quot;//*[@role=&amp;apos;option&amp;apos;]//*[contains(text(),&amp;apos;select&amp;apos;)]&amp;quot;}
  (Session info: chrome=117.0.5938.150)
For documentation on this error, please visit: https://www.selenium.dev/documentation/webdriver/troubleshooting/errors#no-such-element-exception
Build info: version: &amp;apos;4.13.0&amp;apos;, revision: &amp;apos;ba948ece5b*&amp;apos;
System info: os.name: &amp;apos;Windows 11&amp;apos;, os.arch: &amp;apos;amd64&amp;apos;, os.version: &amp;apos;10.0&amp;apos;, java.version: &amp;apos;17.0.8&amp;apos;
Driver info: org.openqa.selenium.chrome.ChromeDriver
Command: [22b7a0f5fde76af20f1e39f22da6041f, findChildElement {id=25AB853DB5F448ED64159D03D7B0CE93_element_1507, using=xpath, value=//*[@role=&amp;apos;option&amp;apos;]//*[contains(text(),&amp;apos;select&amp;apos;)]}]
Capabilities {acceptInsecureCerts: false, browserName: chrome, browserVersion: 117.0.5938.150, chrome: {chromedriverVersion: 117.0.5938.149 (e3344ddefa1..., userDataDir: C:\Users\REJAN~1.BAJ\AppDat...}, fedcm:accounts: true, goog:chromeOptions: {debuggerAddress: localhost:53665}, networkConnectionEnabled: false, pageLoadStrategy: normal, platformName: windows, proxy: Proxy(), se:cdp: ws://localhost:53665/devtoo..., se:cdpVersion: 117.0.5938.150, setWindowRect: true, strictFileInteractability: false, timeouts: {implicit: 0, pageLoad: 300000, script: 30000}, unhandledPromptBehavior: dismiss and notify, webauthn:extension:credBlob: true, webauthn:extension:largeBlob: true, webauthn:extension:minPinLength: true, webauthn:extension:prf: true, webauthn:virtualAuthenticators: true}
Session ID: 22b7a0f5fde76af20f1e39f22da6041f">
      <![CDATA[org.openqa.selenium.NoSuchElementException: no such element: Unable to locate element: {"method":"xpath","selector":"//*[@role='option']//*[contains(text(),'select')]"}
  (Session info: chrome=117.0.5938.150)
For documentation on this error, please visit: https://www.selenium.dev/documentation/webdriver/troubleshooting/errors#no-such-element-exception
Build info: version: '4.13.0', revision: 'ba948ece5b*'
System info: os.name: 'Windows 11', os.arch: 'amd64', os.version: '10.0', java.version: '17.0.8'
Driver info: org.openqa.selenium.chrome.ChromeDriver
Command: [22b7a0f5fde76af20f1e39f22da6041f, findChildElement {id=25AB853DB5F448ED64159D03D7B0CE93_element_1507, using=xpath, value=//*[@role='option']//*[contains(text(),'select')]}]
Capabilities {acceptInsecureCerts: false, browserName: chrome, browserVersion: 117.0.5938.150, chrome: {chromedriverVersion: 117.0.5938.149 (e3344ddefa1..., userDataDir: C:\Users\REJAN~1.BAJ\AppDat...}, fedcm:accounts: true, goog:chromeOptions: {debuggerAddress: localhost:53665}, networkConnectionEnabled: false, pageLoadStrategy: normal, platformName: windows, proxy: Proxy(), se:cdp: ws://localhost:53665/devtoo..., se:cdpVersion: 117.0.5938.150, setWindowRect: true, strictFileInteractability: false, timeouts: {implicit: 0, pageLoad: 300000, script: 30000}, unhandledPromptBehavior: dismiss and notify, webauthn:extension:credBlob: true, webauthn:extension:largeBlob: true, webauthn:extension:minPinLength: true, webauthn:extension:prf: true, webauthn:virtualAuthenticators: true}
Session ID: 22b7a0f5fde76af20f1e39f22da6041f
at org.openqa.selenium.remote.codec.w3c.W3CHttpResponseCodec.createException(W3CHttpResponseCodec.java:200)
at org.openqa.selenium.remote.codec.w3c.W3CHttpResponseCodec.decode(W3CHttpResponseCodec.java:133)
at org.openqa.selenium.remote.codec.w3c.W3CHttpResponseCodec.decode(W3CHttpResponseCodec.java:52)
at org.openqa.selenium.remote.HttpCommandExecutor.execute(HttpCommandExecutor.java:191)
at org.openqa.selenium.remote.service.DriverCommandExecutor.invokeExecute(DriverCommandExecutor.java:196)
at org.openqa.selenium.remote.service.DriverCommandExecutor.execute(DriverCommandExecutor.java:171)
at org.openqa.selenium.remote.RemoteWebDriver.execute(RemoteWebDriver.java:602)
at org.openqa.selenium.remote.ElementLocation$ElementFinder$2.findElement(ElementLocation.java:165)
at org.openqa.selenium.remote.ElementLocation.findElement(ElementLocation.java:59)
at org.openqa.selenium.remote.RemoteWebDriver.findElement(RemoteWebDriver.java:359)
at org.openqa.selenium.remote.RemoteWebElement.findElement(RemoteWebElement.java:212)
at pageModal.UserManagement.selectDropdown(UserManagement.java:207)
at pageModal.UserManagement.search(UserManagement.java:107)
at testCase.TestUserManagement.testSearch(TestUserManagement.java:108)
at java.base/java.util.ArrayList.forEach(ArrayList.java:1511)
at com.intellij.rt.testng.IDEARemoteTestNG.run(IDEARemoteTestNG.java:66)
at com.intellij.rt.testng.RemoteTestNGStarter.main(RemoteTestNGStarter.java:109)
... Removed 28 stack frames]]>
    </failure>
  </testcase> <!-- testSearch -->
  <testcase classname="testCase.TestUserManagement" name="testSearch" time="4.168"/>
  <testcase classname="testCase.TestUserManagement" name="testSearch" time="4.274"/>
  <testcase classname="testCase.TestUserManagement" name="deleteUser" time="4.012"/>
  <testcase classname="testCase.TestUserManagement" name="deleteUser" time="9.325"/>
  <testcase classname="testCase.TestUserManagement" name="deleteUserCancel" time="3.729"/>
  <testcase classname="testCase.TestUserManagement" name="deleteUserCancel" time="3.778"/>
  <testcase classname="testCase.TestUserManagement" name="deleteUserCancelModal" time="3.865"/>
  <testcase classname="testCase.TestUserManagement" name="deleteUserCancelModal" time="3.9"/>
</testsuite> <!-- TL-006 -->
